Case #1: 13 12 10 2 3 5 1 0 14 11 8 7 6 9 3  
Case #2: 11 6 4 1 12 10 9 8 5 14 13 7 2 0 3  
Case #IMPOSSIBLE 
Case #4: 16 11 6 0 14 13 12 8 2 19 17 10 7 4 1 18 15 9 5 3  
Case #5: 19 17 16 13 12 10 4 0 11 9 8 7 2 18 15 14 6 5 1 3  
Case #6: 0  
Case #7: 7 6 4 3 1 0 8 9 2 5  
Case #8: 2 1 0  
Case #9: 16 12 6 2 19 15 14 13 4 1 18 17 11 10 9 7 5 3 0 8  
Case #IMPOSSIBLE 
Case #11: 5 4 9 8 7 6 3 2 1 0  
Case #12: 17 16 14 13 15 12 11 10 9 8 7 6 4 3 2 1 18 0 19 5  
Case #13: 14 12 11 9 5 4 19 15 13 1 17 10 8 6 3 2 18 16 7 0  
Case #14: 12 11 10 9 8 7 6 5 4 3 2 1 0  
Case #15: 8 7 6 5 4 3 2 1 0  
Case #16: 0 1  
Case #17: 12 11 10 7 5 13 4 14 9 8 6 3 2 1 0  
Case #18: 9 6 5 12 2 17  
Case #19: 0 4 1 0 2  
Case #20: 18 17 16 15 14 13 12 11 10 9 8 7 5 4 3 2 1 0 6  
Case #21: 18 16 14 8 2 19 17 13 11 7 5 0 15 12 10 9 6 4 3 1  
Case #22: 3 4 2 1 0  
Case #23: 15 4 13 1 12 9 10 7 8 5 11 6 3 0 18 2 19 17 14 16  
Case #24: 0  
Case #25: 2 3 0 1  
