Case #1: 18 15 12 10 9 7 2 1 19 17 16 14 13 8 4 3 11 6 5 0  
Case #2: 10 0 19 11 17 12 16 1 18 15 14 13 9 3 8 7 6 5 2 4  
Case #3: 4 3 2 1 0  
Case #4: 11 0 12 7 14 13 10 9 8 6 5 4 3 2 1  
Case #5: 8 7 6 5 4 3 2 1 0  
Case #6: 19 18 14 13 9 2 17 15 10 0 16 11 6 5 4 1 12 8 7 3  
Case #7: IMPOSSIBLE 
Case #8: 9 8 7 6 5 4 3 2 1 0  
Case #9: 0 1  
Case #10: 18 17 16 15 14 13 12 11 10 9 8 7 5 4 3 2 1 0 6  
Case #11: 10 9 5 2 0 19 18 13 7 4 1 17 12 8 6 16 15 14 11 3  
Case #12: 0  
Case #13: 0  
Case #14: 2 1 0  
Case #15: 2 4 2 0 1  
Case #16: 18 17 16 15 13 11 10 8 4 14 6 5 1 0 19 12 9 7 3 2  
Case #17: 14 13 12 10 8 7 4 2 1 9 0 11 6 3 5  
Case #18: 19 13 12 8 7 6 18 17 16 15 10 9 5 4 3 2 1 0 14 11  
Case #19: 9 5 3 0 6 4 2 8 7 1  
Case #20: 14 11 8 1 12 3 0 7 5 13 10 9 6 2 4  
Case #21: 2 3 0 1  
Case #22: 10 15 17 9 4 0 13 5 16 2 8 11 12  
Case #23: IMPOSSIBLE 
Case #24: 12 11 10 9 8 7 6 5 4 3 2 0 1  
Case #25: 18 10 19  
