Case #1: 9 1 13 5 6 4 3 11 10 2 0 14 12 8 7  
Case #2: 18 17 9 2 19 13 12 11 10 7 4 16 8 6 5 0 15 14 1 3  
Case #3: 18 17 16 15 14 13 12 11 10 9 8 7 5 4 3 2 1 0 6  
Case #4: 2 3 0 1  
Case #5: 14 13 7 3 1 0 16 15 11 10 9 8 4 19 18 17 12 6 5 2  
Case #6: 15 9 5 17 1 0 14 11 10 19 18 16 13 12 8 7 6 4 3 2  
Case #7: 8 10 11 5 17 16 0 6 14 4 12 15 19 2 9 13 1 7 3  
Case #8: 3 2 1 4 0  
Case #9: 4 19 3 14 2 12 1 18 10 17 16 9 13 8 11 0 15 7 17 6  
Case #10: 18 19  
Case #11: 0  
Case #12: 13 12 11 8 2 0 5 3 14 10 9 6 4 1 7  
Case #13: 9 8 6 7 5 4 2 1 0 3  
Case #14: 12 11 10 9 8 7 6 5 4 3 2 1 0  
Case #15: 2 1 0  
Case #16: 18 16 14 5 4 3 1 15 13 12 11 9 8 7 6 2 0 19 17 10  
Case #17: 0 1  
Case #18: 9 2 6 1 0 7 5 4 8 3  
Case #19: 0  
Case #20: IMPOSSIBLE 
Case #21: IMPOSSIBLE 
Case #22: 8 7 6 5 4 3 2 1 0  
Case #23: 18 17 15 14 13 12 1 6 19 16 8 5 3 0 11 10 9 7 2 4  
Case #24: 12 11 10 7 3 1 14 9 0 13 8 6 5 2 4  
Case #25: 4 0 3 1 2  
