Case #1: [E, A]
Case #2: [R, I, R]
Case #3: [F, D, T]
Case #4: [Z, E, R, A]
Case #5: []
Case #6: [Z, J, Q]
Case #7: [D, R, P, P, S]
Case #8: [V, E, I, B, U, K]
Case #9: []
Case #10: [U, Z]
Case #11: []
Case #12: [J, N]
Case #13: []
Case #14: [E, P, N, P, O, H, M, Z, N, U, H, Q, J]
Case #15: []
Case #16: [H, C, C, U, Y, V, V, Y, H, H, M, I, Z, P, M, J, V, Z, J, V, M, C, C, O, C, C, C, V, J, I, T, I, P, Y, Z, I, I, B, U, V, H, B, J, O, U, M]
Case #17: [B, D]
Case #18: [Y, X, H, J, M, V, R, F, Y, V, S, Q, J, S]
Case #19: [I, V, L]
Case #20: [T, G, H, Y, S, L, N, H, C, D, S]
Case #21: [R]
Case #22: [D]
Case #23: [T, H, E, C, A, K, E, I, S, A, L, I, E]
Case #24: [E, D]
Case #25: [U, L, G, Y, N, X, V, O, U, T, K, O, P, K, O, H, U, V, P, J, T, G, E]
Case #26: [S]
Case #27: [M, Y]
Case #28: [C, H, L, U]
Case #29: [D]
Case #30: [V, D]
Case #31: []
Case #32: [H, Y, G, N, Y, C, O, C, T, M, N, J, Z, X, I]
Case #33: [D, B, Z, S, M, T, U, D, U, Y, A, H, E, Z, H, R, G, K, I, C, D, P, N, N, G, U, N, O, V, K, X, F, B, S, M, G, M, H, H, P, Z, I, O, H, I, D, R, J, H, B]
Case #34: [R, B, R, Q, G, K, S, C, J, M, N, O, I, C, X, C, Z, H, U, C, X]
Case #35: [A, W, A, R, E, N, E, S, S]
Case #36: [Y, X, O, R, P, F]
Case #37: []
Case #38: [Z, Z, Z, Z, Z, Z, Z, Z, Z, Z, Z, Z, Z, Z, Z, Z, Z, Z, Z, Z, Z, Z, Z, Z, Z, Z, Z, Z, Z, Z, Z, Z, Z, Z, Z, Z, Z, Z, Z, Z, Z, Z, Z, Z, Z, Z, Z, Z, Z, Z]
Case #39: []
Case #40: [Q]
Case #41: [W]
Case #42: []
Case #43: [V, G, B]
Case #44: [E]
Case #45: [P, S, Z, P, O, B, B]
Case #46: []
Case #47: [Z, R, A]
Case #48: []
Case #49: [B, E, S, U, R, E, T, O, D, R, I, N, K, Y, O, U, R, O, V, A, L, T, I, N, E]
Case #50: [D, J]
Case #51: [E, D]
Case #52: [D, E, A, F, D, E, A, R, S]
Case #53: [K, Z, Y]
Case #54: [I, C, C, C, J, G, B, T, G, N, Z, C, V, I, H, T, T, N, I, Z, J, H, B, K, J, I, V, Z, T, H, G, G, G, M, V, T, O, O, X, X, N, X, T, C, X, X, K, T]
Case #55: [A]
Case #56: []
Case #57: []
Case #58: [B, S]
Case #59: [A, A, A, A, A, A, A, A, A, A]
Case #60: []
Case #61: [G, H, B, E, E]
Case #62: [F, R, I, D, A, Y, F, R, I, D, A, Y, G, O, T, T, A, G, E, T, D, O, W, N, O, N, F, R, I, D, A, Y]
Case #63: [Z, Z, Z, Z, Z]
Case #64: [W, H, I, C, H, S, E, A, T, S, H, O, U, L, D, I, T, A, A, A, A, A, A, A, A, A, A, A, A, A, A, A, A, A, A, A, A, A, A, A, A, A, A, A, A, A, A, A, A, A, A, A, A, A, A, A, A, A, A, A, A, A, A, K, E]
Case #65: [Q]
Case #66: [H, E, L, L]
Case #67: [S]
Case #68: [F, J, R, K, I, A, F]
Case #69: [H, G, H, K, S, S]
Case #70: [A, C, T, T]
Case #71: [P]
Case #72: [I, L, T, X, A]
Case #73: []
Case #74: [M, T, J, G, F]
Case #75: [Z]
Case #76: [S, S]
Case #77: [C, I, P, P, U, B, F, U, K]
Case #78: [L, D, O, Z, E, Y, O, V, N, Y]
Case #79: [Q, Q, W, E, R, G, D, F, S]
Case #80: [B, R]
Case #81: []
Case #82: [B, Y, N, H, N, I, J, B, R]
Case #83: [Z, L]
Case #84: [A]
Case #85: [B, S]
Case #86: [Q]
Case #87: [A]
Case #88: [D, F]
Case #89: []
Case #90: [K, A]
Case #91: [M, B, Y, H, M, H, H, W]
Case #92: [L, V, G, P, Z, M, N]
Case #93: [P, D, J, M, W]
Case #94: [L, N, W, I, I]
Case #95: [S]
Case #96: [N, A, N, A, N, A, N, A, N, A, N, A, N, A, N, A, N, A, N, A, N, A, N, A, N, A, N, A, N, A, N, A, N, A, N, A, N, A, N, A, B, A, T, M, A, N]
Case #97: [F]
Case #98: [N, R]
Case #99: [X, P, O, M, O]
Case #100: []
