Case #1: [E, A]
Case #2: [R, I, R]
Case #3: [F, D, T]
Case #4: [Z, E, R, A]
Case #5: []
Case #6: [D, A, F, D, F, H, D]
Case #7: [A, P, Q, D, D, D, Q, E, E]
Case #8: [F, S, N, R, F, R]
Case #9: [D, E, D, D, A, A, N, A, E]
Case #10: [Q, D, O, A]
Case #11: [A, X, Q, Q, X, S, A, D]
Case #12: [A, S]
Case #13: [D, W]
Case #14: []
Case #15: [A, A, S, Q, A]
Case #16: []
Case #17: [F, F, R, Q, A, P, S, E, E]
Case #18: [A]
Case #19: [R, F, W, D, D, A, R, E, K]
Case #20: [R, Q, Q, S, I, W, F, W, S]
Case #21: [A, R, Q, F, T, D, R, E, D]
Case #22: [Z, S, W, R, R, D, F, F, D]
Case #23: [S, R, T, W, F, T, W, D]
Case #24: [H, E, A]
Case #25: [Q, E, Q, W, L, E, Q, R, S]
Case #26: []
Case #27: [F, A, A, D, L, W, W, R, F]
Case #28: [M, A, Q]
Case #29: [D, Q]
Case #30: [S, R, D, F, Y, R, S, Y]
Case #31: [S, E, F, R, S, Y]
Case #32: [F, A, W, E]
Case #33: [E, E, R, E, R, A, R, A, B]
Case #34: []
Case #35: [Q, S, E, F]
Case #36: [Q, A, D, I, Q, W, S, A, F]
Case #37: [D, P, R, R, R, R, A, R, E]
Case #38: [A, Q, A]
Case #39: [Q, A, D, K, R, E, K, R]
Case #40: [K, F, S]
Case #41: [E, Q, R, D, S, R, V, R, E]
Case #42: [E, F, F, D, R, F, W, K, E]
Case #43: [E, D]
Case #44: [E, D, K, F, W, K, W, D]
Case #45: [W, L, S, E, Q, W, D, F, Q]
Case #46: []
Case #47: [U, Q, R, A, D, S, Q, R, S]
Case #48: []
Case #49: [Q, R]
Case #50: [Q, S, I]
Case #51: [S, D, A, K]
Case #52: [R]
Case #53: [A, W, A, R, E, N, E, S, S]
Case #54: [A, A, A, A, A, A, A, A, A, A]
Case #55: []
Case #56: [R, D, S, R, H, S, A, W, R]
Case #57: [O, S, F, D, A, F, D, R, D]
Case #58: [Q]
Case #59: [W, E, Q, K, R, A, S]
Case #60: [W, N, R, W, F, E, Q, E, F]
Case #61: [D, A, Q, D, A, Y, A, F, D]
Case #62: [Q, J]
Case #63: [A, L, D, S, Q, D, S, A, R]
Case #64: []
Case #65: [Y, E, A, E, A, R, E, A, W]
Case #66: [T, E, D, E, A, F, R, A, D]
Case #67: [D, R, P, P, S]
Case #68: [A, F, S]
Case #69: []
Case #70: [E, Z, E, W, F, Z, S, W]
Case #71: [Q, Q, W, E, R, G, D, F, S]
Case #72: [E, S, F, D]
Case #73: [J]
Case #74: [R, A, D, X, F, Q, E, S, Q]
Case #75: [Q, F, A, W, W, P]
Case #76: [Q, D, D, Q, R, J, Q, D, A]
Case #77: []
Case #78: [F, F, V, V, R]
Case #79: [T, D, W, T, S, W, E, E]
Case #80: [R, W, Q, F, E, A, Q, M, W]
Case #81: [A, N, S, F, D, R, F, R, S]
Case #82: [C, D, R, A, R, A]
Case #83: [E, D, R, R, R, D, A, D, L]
Case #84: [D, E, A, F, D, E, A, R, S]
Case #85: [S, W]
Case #86: [Z, Z, Z, Z, Z]
Case #87: [D, R, E, S, R, A, G, E, E]
Case #88: [S, E, S, W, W, Q, X, F, Q]
Case #89: [W, W, E, S, R, D, Q, C, W]
Case #90: [A, W, E, F, V, F, V, S]
Case #91: [S, Q, A, A, Q, A, B, W, Q]
Case #92: [A, W, A, E, Y, E, Q, F, Q]
Case #93: [A, R, E]
Case #94: [A, Z, S, W, S, F, Q, S, E]
Case #95: [E, A, S, E, R, S, D, L, S]
Case #96: [E, F, Q, S, E, F, R, Z, E]
Case #97: [W, W, W, N, W, S, E, A, W]
Case #98: [F, D, D, A, Q, Q, T, W, F]
Case #99: [F, R, R, A, S, L, E, W, R]
Case #100: [F]
